TN:
SF:src\routes.ts
FN:29,(anonymous_0)
FN:43,(anonymous_1)
FNF:2
FNH:2
FNDA:4,(anonymous_0)
FNDA:5,(anonymous_1)
DA:1,2
DA:2,2
DA:3,2
DA:4,2
DA:6,2
DA:9,2
DA:13,2
DA:22,2
DA:29,4
DA:34,2
DA:43,5
DA:50,2
DA:57,2
DA:64,2
LF:14
LH:14
BRF:0
BRH:0
end_of_record
TN:
SF:src\server.ts
FN:7,connectDB
FN:27,(anonymous_2)
FNF:2
FNH:2
FNDA:3,connectDB
FNDA:1,(anonymous_2)
DA:1,2
DA:2,2
DA:3,2
DA:4,2
DA:7,2
DA:8,3
DA:9,3
DA:11,2
DA:15,1
DA:19,2
DA:21,2
DA:23,2
DA:25,2
DA:27,2
DA:28,1
DA:31,2
LF:16
LH:16
BRF:0
BRH:0
end_of_record
TN:
SF:src\config\db.ts
FNF:0
FNH:0
DA:1,2
DA:2,2
DA:4,2
DA:8,2
DA:13,2
LF:5
LH:5
BRF:0
BRH:0
end_of_record
TN:
SF:src\handlers\product.ts
FN:4,(anonymous_1)
FN:15,(anonymous_2)
FN:25,(anonymous_3)
FN:31,(anonymous_4)
FN:45,(anonymous_5)
FN:60,(anonymous_6)
FNF:6
FNH:6
FNDA:2,(anonymous_1)
FNDA:2,(anonymous_2)
FNDA:1,(anonymous_3)
FNDA:2,(anonymous_4)
FNDA:2,(anonymous_5)
FNDA:2,(anonymous_6)
DA:2,2
DA:4,2
DA:5,2
DA:12,2
DA:15,2
DA:16,2
DA:17,2
DA:18,2
DA:19,1
DA:20,1
DA:22,1
DA:25,2
DA:26,1
DA:28,1
DA:31,2
DA:32,2
DA:33,2
DA:34,2
DA:35,1
DA:36,1
DA:39,1
DA:41,1
DA:42,1
DA:45,2
DA:46,2
DA:47,2
DA:48,2
DA:49,1
DA:50,1
DA:54,1
DA:56,1
DA:57,1
DA:60,2
DA:61,2
DA:62,2
DA:64,2
DA:65,1
DA:66,1
DA:69,1
DA:70,1
LF:40
LH:40
BRDA:18,0,0,1
BRDA:34,1,0,1
BRDA:48,2,0,1
BRDA:64,3,0,1
BRF:4
BRH:4
end_of_record
TN:
SF:src\middleware\index.ts
FN:4,(anonymous_0)
FNF:1
FNH:1
FNDA:17,(anonymous_0)
DA:2,2
DA:4,2
DA:8,17
DA:9,17
DA:10,8
DA:11,8
DA:13,9
LF:7
LH:7
BRDA:9,0,0,8
BRF:1
BRH:1
end_of_record
TN:
SF:src\models\Product.model.ts
FNF:0
FNH:0
DA:1,3
DA:7,3
DA:11,3
DA:17,3
DA:23,3
DA:26,3
LF:6
LH:6
BRF:0
BRH:0
end_of_record
